<?xml version="1.0" encoding="UTF-8"?>
<!-- Generated by org.testng.reporters.JUnitReportReporter -->
<testsuite hostname="INHYD-GF401B3" failures="0" tests="2" name="MockNativeSystem.AutoReveal" time="231.602" errors="0" timestamp="2022-06-30T19:48:36 IST" skipped="0">
  <testcase classname="MockNativeSystem.AutoReveal" name="Auto" time="145.860"/>
  <system-out/>
  <testcase classname="MockNativeSystem.AutoReveal" name="Lucky" time="85.742"/>
  <system-out/>
</testsuite> <!-- MockNativeSystem.AutoReveal -->
