<?xml version="1.0" encoding="UTF-8"?>
<!-- Generated by org.testng.reporters.JUnitReportReporter -->
<testsuite hostname="INHYD-GF401B3" failures="0" tests="1" name="EInstant.EInstant.Example" time="139.678" errors="0" timestamp="2022-06-21T19:57:52 IST" skipped="0">
  <testcase classname="EInstant.EInstant.Example" name="f" time="139.678"/>
  <system-out/>
</testsuite> <!-- EInstant.EInstant.Example -->
