<?xml version="1.0" encoding="UTF-8"?>
<!-- Generated by org.testng.reporters.JUnitReportReporter -->
<testsuite hostname="INHYD-GF401B3" failures="0" tests="1" name="MockNativeSystem.example" time="68.326" errors="0" timestamp="2022-06-23T13:40:00 IST" skipped="0">
  <testcase classname="MockNativeSystem.example" name="Ruby" time="68.326"/>
  <system-out/>
</testsuite> <!-- MockNativeSystem.example -->
