<?xml version="1.0" encoding="UTF-8"?>
<!-- Generated by org.testng.reporters.JUnitReportReporter -->
<testsuite hostname="INHYD-GF401B3" failures="0" tests="26" name="PLLottery.DemoGames1" time="301.421" errors="1" timestamp="2022-07-12T19:07:44 IST" skipped="25">
  <testcase classname="PLLottery.DemoGames1" name="Garniec" time="0.000">
    <skipped/>
  </testcase> <!-- Garniec -->
  <system-out/>
  <testcase classname="PLLottery.DemoGames1" name="beforeMethod" time="301.421">
    <error message="timeout: Timed out receiving message from renderer: 296.592
  (Session info: chrome=103.0.5060.114)
Build info: version: &#039;3.141.59&#039;, revision: &#039;e82be7d358&#039;, time: &#039;2018-11-14T08:17:03&#039;
System info: host: &#039;INHYD-GF401B3&#039;, ip: &#039;192.168.0.113&#039;, os.name: &#039;Windows 10&#039;, os.arch: &#039;amd64&#039;, os.version: &#039;10.0&#039;, java.version: &#039;18.0.1&#039;
Driver info: org.openqa.selenium.chrome.ChromeDriver
Capabilities {acceptInsecureCerts: false, browserName: chrome, browserVersion: 103.0.5060.114, chrome: {chromedriverVersion: 103.0.5060.53 (a1711811edd7..., userDataDir: C:\Users\pdf57170\AppData\L...}, goog:chromeOptions: {debuggerAddress: localhost:49828}, javascriptEnabled: true, networkConnectionEnabled: false, pageLoadStrategy: normal, platform: WINDOWS, platformName: WINDOWS, proxy: Proxy(manual, http=http://h..., setWindowRect: true, strictFileInteractability: false, timeouts: {implicit: 0, pageLoad: 300000, script: 30000}, unhandledPromptBehavior: dismiss and notify, webauthn:extension:credBlob: true, webauthn:extension:largeBlob: true, webauthn:virtualAuthenticators: true}
Session ID: df7b9b7c83d0c806358872c2fa5778b6" type="org.openqa.selenium.TimeoutException">
      <![CDATA[org.openqa.selenium.TimeoutException: timeout: Timed out receiving message from renderer: 296.592
  (Session info: chrome=103.0.5060.114)
Build info: version: '3.141.59', revision: 'e82be7d358', time: '2018-11-14T08:17:03'
System info: host: 'INHYD-GF401B3', ip: '192.168.0.113', os.name: 'Windows 10', os.arch: 'amd64', os.version: '10.0', java.version: '18.0.1'
Driver info: org.openqa.selenium.chrome.ChromeDriver
Capabilities {acceptInsecureCerts: false, browserName: chrome, browserVersion: 103.0.5060.114, chrome: {chromedriverVersion: 103.0.5060.53 (a1711811edd7..., userDataDir: C:\Users\pdf57170\AppData\L...}, goog:chromeOptions: {debuggerAddress: localhost:49828}, javascriptEnabled: true, networkConnectionEnabled: false, pageLoadStrategy: normal, platform: WINDOWS, platformName: WINDOWS, proxy: Proxy(manual, http=http://h..., setWindowRect: true, strictFileInteractability: false, timeouts: {implicit: 0, pageLoad: 300000, script: 30000}, unhandledPromptBehavior: dismiss and notify, webauthn:extension:credBlob: true, webauthn:extension:largeBlob: true, webauthn:virtualAuthenticators: true}
Session ID: df7b9b7c83d0c806358872c2fa5778b6
at java.base/jdk.internal.reflect.DirectConstructorHandleAccessor.newInstance(DirectConstructorHandleAccessor.java:67)
at java.base/java.lang.reflect.Constructor.newInstanceWithCaller(Constructor.java:499)
at java.base/java.lang.reflect.Constructor.newInstance(Constructor.java:483)
at org.openqa.selenium.remote.http.W3CHttpResponseCodec.createException(W3CHttpResponseCodec.java:187)
at org.openqa.selenium.remote.http.W3CHttpResponseCodec.decode(W3CHttpResponseCodec.java:122)
at org.openqa.selenium.remote.http.W3CHttpResponseCodec.decode(W3CHttpResponseCodec.java:49)
at org.openqa.selenium.remote.HttpCommandExecutor.execute(HttpCommandExecutor.java:158)
at org.openqa.selenium.remote.service.DriverCommandExecutor.execute(DriverCommandExecutor.java:83)
at org.openqa.selenium.remote.RemoteWebDriver.execute(RemoteWebDriver.java:552)
at org.openqa.selenium.remote.RemoteWebDriver.get(RemoteWebDriver.java:277)
at PLLottery.DemoGames1.beforeMethod(DemoGames1.java:40)
at java.base/jdk.internal.reflect.DirectMethodHandleAccessor.invoke(DirectMethodHandleAccessor.java:104)
at java.base/java.lang.reflect.Method.invoke(Method.java:577)
at org.testng.internal.MethodInvocationHelper.invokeMethod(MethodInvocationHelper.java:133)
at org.testng.internal.MethodInvocationHelper.invokeMethodConsideringTimeout(MethodInvocationHelper.java:62)
at org.testng.internal.ConfigInvoker.invokeConfigurationMethod(ConfigInvoker.java:385)
at org.testng.internal.ConfigInvoker.invokeConfigurations(ConfigInvoker.java:321)
at org.testng.TestRunner.invokeTestConfigurations(TestRunner.java:637)
at org.testng.TestRunner.beforeRun(TestRunner.java:627)
at org.testng.TestRunner.run(TestRunner.java:589)
at org.testng.SuiteRunner.runTest(SuiteRunner.java:377)
at org.testng.SuiteRunner.runSequentially(SuiteRunner.java:371)
at org.testng.SuiteRunner.privateRun(SuiteRunner.java:332)
at org.testng.SuiteRunner.run(SuiteRunner.java:276)
at org.testng.SuiteRunnerWorker.runSuite(SuiteRunnerWorker.java:53)
at org.testng.SuiteRunnerWorker.run(SuiteRunnerWorker.java:96)
at org.testng.TestNG.runSuitesSequentially(TestNG.java:1212)
at org.testng.TestNG.runSuitesLocally(TestNG.java:1134)
at org.testng.TestNG.runSuites(TestNG.java:1063)
at org.testng.TestNG.run(TestNG.java:1031)
at org.testng.remote.AbstractRemoteTestNG.run(AbstractRemoteTestNG.java:115)
at org.testng.remote.RemoteTestNG.initAndRun(RemoteTestNG.java:251)
at org.testng.remote.RemoteTestNG.main(RemoteTestNG.java:77)
]]>
    </error>
  </testcase> <!-- beforeMethod -->
  <system-out/>
  <testcase classname="PLLottery.DemoGames1" name="Gwiazdki" time="0.000">
    <skipped/>
  </testcase> <!-- Gwiazdki -->
  <system-out/>
  <testcase classname="PLLottery.DemoGames1" name="Skrzynki" time="0.000">
    <skipped/>
  </testcase> <!-- Skrzynki -->
  <system-out/>
  <testcase classname="PLLottery.DemoGames1" name="Cyferki" time="0.000">
    <skipped/>
  </testcase> <!-- Cyferki -->
  <system-out/>
  <testcase classname="PLLottery.DemoGames1" name="monetki" time="0.000">
    <skipped/>
  </testcase> <!-- monetki -->
  <system-out/>
  <testcase classname="PLLottery.DemoGames1" name="btyskothi" time="0.000">
    <skipped/>
  </testcase> <!-- btyskothi -->
  <system-out/>
  <testcase classname="PLLottery.DemoGames1" name="Card5" time="0.000">
    <skipped/>
  </testcase> <!-- Card5 -->
  <system-out/>
  <testcase classname="PLLottery.DemoGames1" name="krzyowki" time="0.000">
    <skipped/>
  </testcase> <!-- krzyowki -->
  <system-out/>
  <testcase classname="PLLottery.DemoGames1" name="Kamyki" time="0.000">
    <skipped/>
  </testcase> <!-- Kamyki -->
  <system-out/>
  <testcase classname="PLLottery.DemoGames1" name="Owocki" time="0.000">
    <skipped/>
  </testcase> <!-- Owocki -->
  <system-out/>
  <testcase classname="PLLottery.DemoGames1" name="redPepperHot" time="0.000">
    <skipped/>
  </testcase> <!-- redPepperHot -->
  <system-out/>
  <testcase classname="PLLottery.DemoGames1" name="Egypt" time="0.000">
    <skipped/>
  </testcase> <!-- Egypt -->
  <system-out/>
  <testcase classname="PLLottery.DemoGames1" name="gorki" time="0.000">
    <skipped/>
  </testcase> <!-- gorki -->
  <system-out/>
  <testcase classname="PLLottery.DemoGames1" name="gp" time="0.000">
    <skipped/>
  </testcase> <!-- gp -->
  <system-out/>
  <testcase classname="PLLottery.DemoGames1" name="Kurki" time="0.000">
    <skipped/>
  </testcase> <!-- Kurki -->
  <system-out/>
  <testcase classname="PLLottery.DemoGames1" name="Duszki" time="0.000">
    <skipped/>
  </testcase> <!-- Duszki -->
  <system-out/>
  <testcase classname="PLLottery.DemoGames1" name="Antyki" time="0.000">
    <skipped/>
  </testcase> <!-- Antyki -->
  <system-out/>
  <testcase classname="PLLottery.DemoGames1" name="triplePlatinum" time="0.000">
    <skipped/>
  </testcase> <!-- triplePlatinum -->
  <system-out/>
  <testcase classname="PLLottery.DemoGames1" name="goldRush" time="0.000">
    <skipped/>
  </testcase> <!-- goldRush -->
  <system-out/>
  <testcase classname="PLLottery.DemoGames1" name="znaczki" time="0.000">
    <skipped/>
  </testcase> <!-- znaczki -->
  <system-out/>
  <testcase classname="PLLottery.DemoGames1" name="Siódemki" time="0.000">
    <skipped/>
  </testcase> <!-- Siódemki -->
  <system-out/>
  <testcase classname="PLLottery.DemoGames1" name="Diamond" time="0.000">
    <skipped/>
  </testcase> <!-- Diamond -->
  <system-out/>
  <testcase classname="PLLottery.DemoGames1" name="Totemki" time="0.000">
    <skipped/>
  </testcase> <!-- Totemki -->
  <system-out/>
  <testcase classname="PLLottery.DemoGames1" name="Bombki" time="0.000">
    <skipped/>
  </testcase> <!-- Bombki -->
  <system-out/>
  <testcase classname="PLLottery.DemoGames1" name="emotki" time="0.000">
    <skipped/>
  </testcase> <!-- emotki -->
  <system-out/>
</testsuite> <!-- PLLottery.DemoGames1 -->
