<?xml version="1.0" encoding="UTF-8"?>
<!-- Generated by org.testng.reporters.JUnitReportReporter -->
<testsuite hostname="HCLL202116" failures="0" tests="1" name="LNB.LNBBuygames" time="25.095" errors="0" timestamp="2022-07-28T11:56:30 IST" skipped="0">
  <testcase classname="LNB.LNBBuygames" name="PixiesOfTheForest" time="25.095"/>
  <system-out/>
</testsuite> <!-- LNB.LNBBuygames -->
