<?xml version="1.0" encoding="UTF-8"?>
<!-- Generated by org.testng.reporters.JUnitReportReporter -->
<testsuite hostname="INHYD-GF401B3" failures="0" tests="1" name="PLLottery.DemoGames1" time="147.417" errors="0" timestamp="2022-07-19T11:20:39 IST" skipped="0">
  <testcase classname="PLLottery.DemoGames1" name="gp" time="147.417"/>
  <system-out/>
</testsuite> <!-- PLLottery.DemoGames1 -->
