<?xml version="1.0" encoding="UTF-8"?>
<!-- Generated by org.testng.reporters.JUnitReportReporter -->
<testsuite hostname="HCLL202116" failures="0" tests="1" name="LNB.LNBBuygames" time="50.412" errors="0" timestamp="2022-07-21T19:29:12 IST" skipped="0">
  <testcase classname="LNB.LNBBuygames" name="RainbowLoot" time="50.412"/>
  <system-out/>
</testsuite> <!-- LNB.LNBBuygames -->
