<?xml version="1.0" encoding="UTF-8"?>
<!-- Generated by org.testng.reporters.JUnitReportReporter -->
<testsuite hostname="INHYD-GF401B3" failures="0" tests="1" name="MockNativeSystem.example" time="71.796" errors="0" timestamp="2022-06-27T11:45:16 IST" skipped="0">
  <testcase classname="MockNativeSystem.example" name="Ruby" time="71.796"/>
  <system-out/>
</testsuite> <!-- MockNativeSystem.example -->
