<?xml version="1.0" encoding="UTF-8"?>
<!-- Generated by org.testng.reporters.JUnitReportReporter -->
<testsuite hostname="INHYD-GF401B3" failures="0" tests="1" name="MockNativeSystem.Recon" time="55.606" errors="0" timestamp="2022-07-01T12:40:50 IST" skipped="0">
  <testcase classname="MockNativeSystem.Recon" name="recon" time="55.606"/>
  <system-out/>
</testsuite> <!-- MockNativeSystem.Recon -->
