<?xml version="1.0" encoding="UTF-8"?>
<!-- Generated by org.testng.reporters.JUnitReportReporter -->
<testsuite hostname="INHYD-GF401B3" failures="0" tests="1" name="MockNativeSystem.Recon" time="159.713" errors="0" timestamp="2022-07-22T17:54:08 IST" skipped="0">
  <testcase classname="MockNativeSystem.Recon" name="recon" time="159.713"/>
  <system-out/>
</testsuite> <!-- MockNativeSystem.Recon -->
