<?xml version="1.0" encoding="UTF-8"?>
<!-- Generated by org.testng.reporters.JUnitReportReporter -->
<testsuite hostname="HCLL202116" failures="0" tests="1" name="LNB.LNBBuygames" time="56.387" errors="0" timestamp="2022-07-29T16:43:15 IST" skipped="0">
  <testcase classname="LNB.LNBBuygames" name="Cleopatra" time="56.387"/>
  <system-out/>
</testsuite> <!-- LNB.LNBBuygames -->
